# JRE version: OpenJDK Runtime Environment (8.0_202-b03) (build 1.8.0_202-release-1483-b03)
# Java VM: OpenJDK 64-Bit Server VM (25.202-b03 mixed mode windows-amd64 compressed oops)
Heap:
 PSYoungGen      total 252928K, used 93567K [0x00000000e0000000, 0x00000000f1b00000, 0x0000000100000000)
  eden space 226304K, 29% used [0x00000000e0000000,0x00000000e4167020,0x00000000edd00000)
  from space 26624K, 99% used [0x00000000ee280000,0x00000000efc78c00,0x00000000efc80000)
  to   space 31232K, 0% used [0x00000000efc80000,0x00000000efc80000,0x00000000f1b00000)
 ParOldGen       total 267264K, used 43534K [0x00000000a0000000, 0x00000000b0500000, 0x00000000e0000000)
  object space 267264K, 16% used [0x00000000a0000000,0x00000000a2a83a60,0x00000000b0500000)
 Metaspace       used 84644K, capacity 89178K, committed 89304K, reserved 1126400K
  class space    used 11351K, capacity 12206K, committed 12288K, reserved 1048576K
GC Heap History (10 events):
Event: 5.171 GC heap before
{Heap before GC invocations=10 (full 2):
 PSYoungGen      total 167936K, used 116346K [0x00000000e0000000, 0x00000000ef280000, 0x0000000100000000)
  eden space 155136K, 66% used [0x00000000e0000000,0x00000000e6524110,0x00000000e9780000)
  from space 12800K, 99% used [0x00000000e9780000,0x00000000ea3fa978,0x00000000ea400000)
  to   space 17920K, 0% used [0x00000000ee100000,0x00000000ee100000,0x00000000ef280000)
 ParOldGen       total 176128K, used 22386K [0x00000000a0000000, 0x00000000aac00000, 0x00000000e0000000)
  object space 176128K, 12% used [0x00000000a0000000,0x00000000a15dc938,0x00000000aac00000)
 Metaspace       used 57023K, capacity 58920K, committed 59028K, reserved 1099776K
  class space    used 7816K, capacity 8249K, committed 8320K, reserved 1048576K
Event: 5.184 GC heap after
Heap after GC invocations=10 (full 2):
 PSYoungGen      total 227840K, used 17896K [0x00000000e0000000, 0x00000000ef880000, 0x0000000100000000)
  eden space 209920K, 0% used [0x00000000e0000000,0x00000000e0000000,0x00000000ecd00000)
  from space 17920K, 99% used [0x00000000ee100000,0x00000000ef27a3a0,0x00000000ef280000)
  to   space 20480K, 0% used [0x00000000ecd00000,0x00000000ecd00000,0x00000000ee100000)
 ParOldGen       total 176128K, used 23894K [0x00000000a0000000, 0x00000000aac00000, 0x00000000e0000000)
  object space 176128K, 13% used [0x00000000a0000000,0x00000000a1755b80,0x00000000aac00000)
 Metaspace       used 57023K, capacity 58920K, committed 59028K, reserved 1099776K
  class space    used 7816K, capacity 8249K, committed 8320K, reserved 1048576K
}
Event: 5.184 GC heap before
{Heap before GC invocations=11 (full 3):
 PSYoungGen      total 227840K, used 17896K [0x00000000e0000000, 0x00000000ef880000, 0x0000000100000000)
  eden space 209920K, 0% used [0x00000000e0000000,0x00000000e0000000,0x00000000ecd00000)
  from space 17920K, 99% used [0x00000000ee100000,0x00000000ef27a3a0,0x00000000ef280000)
  to   space 20480K, 0% used [0x00000000ecd00000,0x00000000ecd00000,0x00000000ee100000)
 ParOldGen       total 176128K, used 23894K [0x00000000a0000000, 0x00000000aac00000, 0x00000000e0000000)
  object space 176128K, 13% used [0x00000000a0000000,0x00000000a1755b80,0x00000000aac00000)
 Metaspace       used 57023K, capacity 58920K, committed 59028K, reserved 1099776K
  class space    used 7816K, capacity 8249K, committed 8320K, reserved 1048576K
Event: 5.344 GC heap after
Heap after GC invocations=11 (full 3):
 PSYoungGen      total 227840K, used 0K [0x00000000e0000000, 0x00000000ef880000, 0x0000000100000000)
  eden space 209920K, 0% used [0x00000000e0000000,0x00000000e0000000,0x00000000ecd00000)
  from space 17920K, 0% used [0x00000000ee100000,0x00000000ee100000,0x00000000ef280000)
  to   space 20480K, 0% used [0x00000000ecd00000,0x00000000ecd00000,0x00000000ee100000)
 ParOldGen       total 267264K, used 33002K [0x00000000a0000000, 0x00000000b0500000, 0x00000000e0000000)
  object space 267264K, 12% used [0x00000000a0000000,0x00000000a203aba8,0x00000000b0500000)
 Metaspace       used 56786K, capacity 58258K, committed 59028K, reserved 1099776K
  class space    used 7747K, capacity 8124K, committed 8320K, reserved 1048576K
}
Event: 720.235 GC heap before
{Heap before GC invocations=12 (full 3):
 PSYoungGen      total 227840K, used 209920K [0x00000000e0000000, 0x00000000ef880000, 0x0000000100000000)
  eden space 209920K, 100% used [0x00000000e0000000,0x00000000ecd00000,0x00000000ecd00000)
  from space 17920K, 0% used [0x00000000ee100000,0x00000000ee100000,0x00000000ef280000)
  to   space 20480K, 0% used [0x00000000ecd00000,0x00000000ecd00000,0x00000000ee100000)
 ParOldGen       total 267264K, used 33002K [0x00000000a0000000, 0x00000000b0500000, 0x00000000e0000000)
  object space 267264K, 12% used [0x00000000a0000000,0x00000000a203aba8,0x00000000b0500000)
 Metaspace       used 64355K, capacity 66528K, committed 66648K, reserved 1107968K
  class space    used 8536K, capacity 9033K, committed 9088K, reserved 1048576K
Event: 720.248 GC heap after
Heap after GC invocations=12 (full 3):
 PSYoungGen      total 230400K, used 16946K [0x00000000e0000000, 0x00000000f1300000, 0x0000000100000000)
  eden space 209920K, 0% used [0x00000000e0000000,0x00000000e0000000,0x00000000ecd00000)
  from space 20480K, 82% used [0x00000000ecd00000,0x00000000edd8c800,0x00000000ee100000)
  to   space 22016K, 0% used [0x00000000efd80000,0x00000000efd80000,0x00000000f1300000)
 ParOldGen       total 267264K, used 33010K [0x00000000a0000000, 0x00000000b0500000, 0x00000000e0000000)
  object space 267264K, 12% used [0x00000000a0000000,0x00000000a203cba8,0x00000000b0500000)
 Metaspace       used 64355K, capacity 66528K, committed 66648K, reserved 1107968K
  class space    used 8536K, capacity 9033K, committed 9088K, reserved 1048576K
}
Event: 1875.720 GC heap before
{Heap before GC invocations=13 (full 3):
 PSYoungGen      total 230400K, used 226866K [0x00000000e0000000, 0x00000000f1300000, 0x0000000100000000)
  eden space 209920K, 100% used [0x00000000e0000000,0x00000000ecd00000,0x00000000ecd00000)
  from space 20480K, 82% used [0x00000000ecd00000,0x00000000edd8c800,0x00000000ee100000)
  to   space 22016K, 0% used [0x00000000efd80000,0x00000000efd80000,0x00000000f1300000)
 ParOldGen       total 267264K, used 33010K [0x00000000a0000000, 0x00000000b0500000, 0x00000000e0000000)
  object space 267264K, 12% used [0x00000000a0000000,0x00000000a203cba8,0x00000000b0500000)
 Metaspace       used 71480K, capacity 73980K, committed 74200K, reserved 1114112K
  class space    used 9280K, capacity 9859K, committed 9984K, reserved 1048576K
Event: 1875.747 GC heap after
Heap after GC invocations=13 (full 3):
 PSYoungGen      total 253952K, used 21990K [0x00000000e0000000, 0x00000000f1680000, 0x0000000100000000)
  eden space 231936K, 0% used [0x00000000e0000000,0x00000000e0000000,0x00000000ee280000)
  from space 22016K, 99% used [0x00000000efd80000,0x00000000f12f98a8,0x00000000f1300000)
  to   space 26624K, 0% used [0x00000000ee280000,0x00000000ee280000,0x00000000efc80000)
 ParOldGen       total 267264K, used 38681K [0x00000000a0000000, 0x00000000b0500000, 0x00000000e0000000)
  object space 267264K, 14% used [0x00000000a0000000,0x00000000a25c6740,0x00000000b0500000)
 Metaspace       used 71480K, capacity 73980K, committed 74200K, reserved 1114112K
  class space    used 9280K, capacity 9859K, committed 9984K, reserved 1048576K
}
Event: 2089.324 GC heap before
{Heap before GC invocations=14 (full 3):
 PSYoungGen      total 253952K, used 253926K [0x00000000e0000000, 0x00000000f1680000, 0x0000000100000000)
  eden space 231936K, 100% used [0x00000000e0000000,0x00000000ee280000,0x00000000ee280000)
  from space 22016K, 99% used [0x00000000efd80000,0x00000000f12f98a8,0x00000000f1300000)
  to   space 26624K, 0% used [0x00000000ee280000,0x00000000ee280000,0x00000000efc80000)
 ParOldGen       total 267264K, used 38681K [0x00000000a0000000, 0x00000000b0500000, 0x00000000e0000000)
  object space 267264K, 14% used [0x00000000a0000000,0x00000000a25c6740,0x00000000b0500000)
 Metaspace       used 84428K, capacity 88864K, committed 89048K, reserved 1126400K
  class space    used 11347K, capacity 12199K, committed 12288K, reserved 1048576K
Event: 2089.349 GC heap after
Heap after GC invocations=14 (full 3):
 PSYoungGen      total 252928K, used 26595K [0x00000000e0000000, 0x00000000f1b00000, 0x0000000100000000)
  eden space 226304K, 0% used [0x00000000e0000000,0x00000000e0000000,0x00000000edd00000)
  from space 26624K, 99% used [0x00000000ee280000,0x00000000efc78c00,0x00000000efc80000)
  to   space 31232K, 0% used [0x00000000efc80000,0x00000000efc80000,0x00000000f1b00000)
 ParOldGen       total 267264K, used 43534K [0x00000000a0000000, 0x00000000b0500000, 0x00000000e0000000)
  object space 267264K, 16% used [0x00000000a0000000,0x00000000a2a83a60,0x00000000b0500000)
 Metaspace       used 84428K, capacity 88864K, committed 89048K, reserved 1126400K
  class space    used 11347K, capacity 12199K, committed 12288K, reserved 1048576K
}

